# JRE version: Java(TM) SE Runtime Environment (21.0.1+12) (build 21.0.1+12-LTS-29)
# Java VM: Java HotSpot(TM) 64-Bit Server VM (21.0.1+12-LTS-29, mixed mode, emulated-client, sharing, tiered, compressed oops, compressed class ptrs, g1 gc, windows-amd64)
GC Precious Log:
 CardTable entry size: 512
 Card Set container configuration: InlinePtr #cards 5 size 8 Array Of Cards #cards 12 size 40 Howl #buckets 4 coarsen threshold 1843 Howl Bitmap #cards 512 size 80 coarsen threshold 460 Card regions per heap region 1 cards per card region 2048
 CPUs: 4 total, 4 available
 Memory: 8083M
 Large Page Support: Disabled
 NUMA Support: Disabled
 Compressed Oops: Enabled (32-bit)
 Heap Region Size: 1M
 Heap Min Capacity: 8M
 Heap Initial Capacity: 128M
 Heap Max Capacity: 2022M
 Pre-touch: Disabled
 Parallel Workers: 4
 Concurrent Workers: 1
 Concurrent Refinement Workers: 4
 Periodic GC: Disabled
Heap:
 garbage-first heap   total 51200K, used 36706K [0x0000000081a00000, 0x0000000100000000)
  region size 1024K, 12 young (12288K), 2 survivors (2048K)
 Metaspace       used 66279K, committed 66944K, reserved 1114112K
  class space    used 9312K, committed 9600K, reserved 1048576K
GC Heap History (20 events):
Event: 6.367 GC heap before
{Heap before GC invocations=6 (full 0):
 garbage-first heap   total 51200K, used 37970K [0x0000000081a00000, 0x0000000100000000)
  region size 1024K, 25 young (25600K), 3 survivors (3072K)
 Metaspace       used 28433K, committed 28992K, reserved 1114112K
  class space    used 3864K, committed 4096K, reserved 1048576K
}
Event: 6.375 GC heap after
{Heap after GC invocations=7 (full 0):
 garbage-first heap   total 51200K, used 18500K [0x0000000081a00000, 0x0000000100000000)
  region size 1024K, 3 young (3072K), 3 survivors (3072K)
 Metaspace       used 28433K, committed 28992K, reserved 1114112K
  class space    used 3864K, committed 4096K, reserved 1048576K
}
Event: 7.254 GC heap before
{Heap before GC invocations=7 (full 0):
 garbage-first heap   total 51200K, used 41028K [0x0000000081a00000, 0x0000000100000000)
  region size 1024K, 25 young (25600K), 3 survivors (3072K)
 Metaspace       used 33563K, committed 34112K, reserved 1114112K
  class space    used 4621K, committed 4864K, reserved 1048576K
}
Event: 7.259 GC heap after
{Heap after GC invocations=8 (full 0):
 garbage-first heap   total 51200K, used 19318K [0x0000000081a00000, 0x0000000100000000)
  region size 1024K, 3 young (3072K), 3 survivors (3072K)
 Metaspace       used 33563K, committed 34112K, reserved 1114112K
  class space    used 4621K, committed 4864K, reserved 1048576K
}
Event: 7.557 GC heap before
{Heap before GC invocations=8 (full 0):
 garbage-first heap   total 51200K, used 26486K [0x0000000081a00000, 0x0000000100000000)
  region size 1024K, 11 young (11264K), 3 survivors (3072K)
 Metaspace       used 35428K, committed 35968K, reserved 1114112K
  class space    used 4886K, committed 5120K, reserved 1048576K
}
Event: 7.563 GC heap after
{Heap after GC invocations=9 (full 0):
 garbage-first heap   total 51200K, used 19989K [0x0000000081a00000, 0x0000000100000000)
  region size 1024K, 2 young (2048K), 2 survivors (2048K)
 Metaspace       used 35428K, committed 35968K, reserved 1114112K
  class space    used 4886K, committed 5120K, reserved 1048576K
}
Event: 8.853 GC heap before
{Heap before GC invocations=10 (full 0):
 garbage-first heap   total 51200K, used 43541K [0x0000000081a00000, 0x0000000100000000)
  region size 1024K, 25 young (25600K), 2 survivors (2048K)
 Metaspace       used 44186K, committed 44736K, reserved 1114112K
  class space    used 6013K, committed 6272K, reserved 1048576K
}
Event: 8.861 GC heap after
{Heap after GC invocations=11 (full 0):
 garbage-first heap   total 51200K, used 22265K [0x0000000081a00000, 0x0000000100000000)
  region size 1024K, 4 young (4096K), 4 survivors (4096K)
 Metaspace       used 44186K, committed 44736K, reserved 1114112K
  class space    used 6013K, committed 6272K, reserved 1048576K
}
Event: 9.451 GC heap before
{Heap before GC invocations=11 (full 0):
 garbage-first heap   total 51200K, used 43769K [0x0000000081a00000, 0x0000000100000000)
  region size 1024K, 25 young (25600K), 4 survivors (4096K)
 Metaspace       used 49546K, committed 50112K, reserved 1114112K
  class space    used 6815K, committed 7040K, reserved 1048576K
}
Event: 9.459 GC heap after
{Heap after GC invocations=12 (full 0):
 garbage-first heap   total 51200K, used 22845K [0x0000000081a00000, 0x0000000100000000)
  region size 1024K, 2 young (2048K), 2 survivors (2048K)
 Metaspace       used 49546K, committed 50112K, reserved 1114112K
  class space    used 6815K, committed 7040K, reserved 1048576K
}
Event: 10.182 GC heap before
{Heap before GC invocations=12 (full 0):
 garbage-first heap   total 51200K, used 42301K [0x0000000081a00000, 0x0000000100000000)
  region size 1024K, 22 young (22528K), 2 survivors (2048K)
 Metaspace       used 54109K, committed 54656K, reserved 1114112K
  class space    used 7527K, committed 7744K, reserved 1048576K
}
Event: 10.186 GC heap after
{Heap after GC invocations=13 (full 0):
 garbage-first heap   total 51200K, used 23264K [0x0000000081a00000, 0x0000000100000000)
  region size 1024K, 2 young (2048K), 2 survivors (2048K)
 Metaspace       used 54109K, committed 54656K, reserved 1114112K
  class space    used 7527K, committed 7744K, reserved 1048576K
}
Event: 11.071 GC heap before
{Heap before GC invocations=13 (full 0):
 garbage-first heap   total 51200K, used 44768K [0x0000000081a00000, 0x0000000100000000)
  region size 1024K, 23 young (23552K), 2 survivors (2048K)
 Metaspace       used 58575K, committed 59264K, reserved 1114112K
  class space    used 8129K, committed 8448K, reserved 1048576K
}
Event: 11.078 GC heap after
{Heap after GC invocations=14 (full 0):
 garbage-first heap   total 51200K, used 24852K [0x0000000081a00000, 0x0000000100000000)
  region size 1024K, 3 young (3072K), 3 survivors (3072K)
 Metaspace       used 58575K, committed 59264K, reserved 1114112K
  class space    used 8129K, committed 8448K, reserved 1048576K
}
Event: 11.323 GC heap before
{Heap before GC invocations=14 (full 0):
 garbage-first heap   total 51200K, used 36116K [0x0000000081a00000, 0x0000000100000000)
  region size 1024K, 15 young (15360K), 3 survivors (3072K)
 Metaspace       used 59859K, committed 60480K, reserved 1114112K
  class space    used 8336K, committed 8640K, reserved 1048576K
}
Event: 11.330 GC heap after
{Heap after GC invocations=15 (full 0):
 garbage-first heap   total 51200K, used 25642K [0x0000000081a00000, 0x0000000100000000)
  region size 1024K, 1 young (1024K), 1 survivors (1024K)
 Metaspace       used 59859K, committed 60480K, reserved 1114112K
  class space    used 8336K, committed 8640K, reserved 1048576K
}
Event: 12.243 GC heap before
{Heap before GC invocations=16 (full 0):
 garbage-first heap   total 51200K, used 46122K [0x0000000081a00000, 0x0000000100000000)
  region size 1024K, 21 young (21504K), 1 survivors (1024K)
 Metaspace       used 62133K, committed 62784K, reserved 1114112K
  class space    used 8731K, committed 9024K, reserved 1048576K
}
Event: 12.250 GC heap after
{Heap after GC invocations=17 (full 0):
 garbage-first heap   total 51200K, used 27226K [0x0000000081a00000, 0x0000000100000000)
  region size 1024K, 3 young (3072K), 3 survivors (3072K)
 Metaspace       used 62133K, committed 62784K, reserved 1114112K
  class space    used 8731K, committed 9024K, reserved 1048576K
}
Event: 12.761 GC heap before
{Heap before GC invocations=17 (full 0):
 garbage-first heap   total 51200K, used 43610K [0x0000000081a00000, 0x0000000100000000)
  region size 1024K, 19 young (19456K), 3 survivors (3072K)
 Metaspace       used 63735K, committed 64320K, reserved 1114112K
  class space    used 8978K, committed 9216K, reserved 1048576K
}
Event: 12.770 GC heap after
{Heap after GC invocations=18 (full 0):
 garbage-first heap   total 51200K, used 28514K [0x0000000081a00000, 0x0000000100000000)
  region size 1024K, 2 young (2048K), 2 survivors (2048K)
 Metaspace       used 63735K, committed 64320K, reserved 1114112K
  class space    used 8978K, committed 9216K, reserved 1048576K
}

